0 info it worked if it ends with ok
1 verbose cli [ 'D:\\Home\\sdh\\git\\ssldeuisdummydeiv\\src\\main\\websrc\\node\\node.exe',
1 verbose cli   'D:\\Home\\sdh\\git\\ssldeuisdummydeiv\\src\\main\\websrc\\node\\node_modules\\npm\\bin\\npm-cli.js',
1 verbose cli   'run',
1 verbose cli   'build' ]
2 info using npm@3.10.5
3 info using node@v4.4.7
4 verbose run-script [ 'prebuild', 'build', 'postbuild' ]
5 info lifecycle SopraSteria-WhiteLabel-Angular@0.0.1~prebuild: SopraSteria-WhiteLabel-Angular@0.0.1
6 silly lifecycle SopraSteria-WhiteLabel-Angular@0.0.1~prebuild: no script for prebuild, continuing
7 info lifecycle SopraSteria-WhiteLabel-Angular@0.0.1~build: SopraSteria-WhiteLabel-Angular@0.0.1
8 verbose lifecycle SopraSteria-WhiteLabel-Angular@0.0.1~build: unsafe-perm in lifecycle true
9 verbose lifecycle SopraSteria-WhiteLabel-Angular@0.0.1~build: PATH: D:\Home\sdh\git\ssldeuisdummydeiv\src\main\websrc\node\node_modules\npm\bin\node-gyp-bin;D:\Home\sdh\git\ssldeuisdummydeiv\src\main\websrc\node_modules\.bin;D:\Home\sdh\git\ssldeuisdummydeiv\src\main\websrc\node;D:\Home\sdh\git\ssldeuisdummydeiv\src\main\websrc\node;C:/Program Files (x86)/Java/jre1.8.0_91/bin/client;C:/Program Files (x86)/Java/jre1.8.0_91/bin;C:/Program Files (x86)/Java/jre1.8.0_91/lib/i386;D:\Home\Apps\Git\usr\bin;C:\ProgramData\Oracle\Java\javapath;D:\Home\sdh\Profile\Commands;D:\Home\Apps\Java\jdk1.8-64\bin;C:\Program Files\Common Files\Microsoft Shared\Microsoft Online Services;C:\Program Files (x86)\Common Files\Microsoft Shared\Microsoft Online Services;C:\WINDOWS\system32;C:\WINDOWS;C:\WINDOWS\System32\Wbem;C:\WINDOWS\System32\WindowsPowerShell\v1.0\;C:\C:\WINDOWS\System32\WindowsPowerShell\v1.0\;D:\Home\Apps\TortoiseSVN\bin;%ANT_HOME%\bin;C:\Program Files\Microsoft SQL Server\110\Tools\Binn\;C:\Program Files (x86)\Microsoft SQL Server\110\Tools\Binn\ManagementStudio\;C:\Program Files (x86)\Microsoft SQL Server\110\Tools\Binn\;C:\Program Files (x86)\Microsoft SQL Server\110\DTS\Binn\;D:\Home\Apps\Git\cmd;D:\Home\Apps\Vagrant\bin;D:\Home\Apps\NodeJS\;D:\Home\Apps\Git\usr\bin;D:\Home\Apps\Java\jdk1.8.0_77\bin;D:\Home\sdh\Profile\Commands;D:\Home\Apps\Apache\Maven\apache-maven-3.3.9\bin;D:\Home\Apps\Git\bin;D:\Home\Apps\Gradle\gradle-2.6\bin;D:\Users\shamilto\AppData\Roaming\npm;D:\Home\Apps\SpringToolSuite\sts-bundle\sts-3.8.1.RELEASE;;
10 verbose lifecycle SopraSteria-WhiteLabel-Angular@0.0.1~build: CWD: D:\Home\sdh\git\ssldeuisdummydeiv\src\main\websrc
11 silly lifecycle SopraSteria-WhiteLabel-Angular@0.0.1~build: Args: [ '/d /s /c',
11 silly lifecycle   'gulp build:cmp && gulp build --production && gulp local --production && gulp index --production && gulp test && gulp dist' ]
12 silly lifecycle SopraSteria-WhiteLabel-Angular@0.0.1~build: Returned: code: 1  signal: null
13 info lifecycle SopraSteria-WhiteLabel-Angular@0.0.1~build: Failed to exec build script
14 verbose stack Error: SopraSteria-WhiteLabel-Angular@0.0.1 build: `gulp build:cmp && gulp build --production && gulp local --production && gulp index --production && gulp test && gulp dist`
14 verbose stack Exit status 1
14 verbose stack     at EventEmitter.<anonymous> (D:\Home\sdh\git\ssldeuisdummydeiv\src\main\websrc\node\node_modules\npm\lib\utils\lifecycle.js:242:16)
14 verbose stack     at emitTwo (events.js:87:13)
14 verbose stack     at EventEmitter.emit (events.js:172:7)
14 verbose stack     at ChildProcess.<anonymous> (D:\Home\sdh\git\ssldeuisdummydeiv\src\main\websrc\node\node_modules\npm\lib\utils\spawn.js:40:14)
14 verbose stack     at emitTwo (events.js:87:13)
14 verbose stack     at ChildProcess.emit (events.js:172:7)
14 verbose stack     at maybeClose (internal/child_process.js:827:16)
14 verbose stack     at Process.ChildProcess._handle.onexit (internal/child_process.js:211:5)
15 verbose pkgid SopraSteria-WhiteLabel-Angular@0.0.1
16 verbose cwd D:\Home\sdh\git\ssldeuisdummydeiv\src\main\websrc
17 error Windows_NT 6.1.7601
18 error argv "D:\\Home\\sdh\\git\\ssldeuisdummydeiv\\src\\main\\websrc\\node\\node.exe" "D:\\Home\\sdh\\git\\ssldeuisdummydeiv\\src\\main\\websrc\\node\\node_modules\\npm\\bin\\npm-cli.js" "run" "build"
19 error node v4.4.7
20 error npm  v3.10.5
21 error code ELIFECYCLE
22 error SopraSteria-WhiteLabel-Angular@0.0.1 build: `gulp build:cmp && gulp build --production && gulp local --production && gulp index --production && gulp test && gulp dist`
22 error Exit status 1
23 error Failed at the SopraSteria-WhiteLabel-Angular@0.0.1 build script 'gulp build:cmp && gulp build --production && gulp local --production && gulp index --production && gulp test && gulp dist'.
23 error Make sure you have the latest version of node.js and npm installed.
23 error If you do, this is most likely a problem with the SopraSteria-WhiteLabel-Angular package,
23 error not with npm itself.
23 error Tell the author that this fails on your system:
23 error     gulp build:cmp && gulp build --production && gulp local --production && gulp index --production && gulp test && gulp dist
23 error You can get information on how to open an issue for this project with:
23 error     npm bugs SopraSteria-WhiteLabel-Angular
23 error Or if that isn't available, you can get their info via:
23 error     npm owner ls SopraSteria-WhiteLabel-Angular
23 error There is likely additional logging output above.
24 verbose exit [ 1, true ]
